<?xml version="1.0" encoding="UTF-8"?>
<!-- Generated by org.testng.reporters.JUnitReportReporter -->
<testsuite hostname="INLEN8520032427" failures="0" tests="2" name="testrunner.LoginPage2_TestRunner" time="120.827" errors="0" timestamp="2023-06-08T10:39:19 IST" skipped="0">
  <testcase classname="testrunner.LoginPage2_TestRunner" name="runScenario" time="57.157"/>
  <system-out/>
  <testcase classname="testrunner.LoginPage2_TestRunner" name="runScenario" time="63.670"/>
  <system-out/>
</testsuite> <!-- testrunner.LoginPage2_TestRunner -->
