<?xml version="1.0" encoding="UTF-8"?>
<!-- Generated by org.testng.reporters.JUnitReportReporter -->
<testsuite hostname="INLEN8520032427" failures="0" tests="2" name="testrunner.LoginPage3_TestRunner" time="136.517" errors="0" timestamp="2023-06-08T10:47:23 IST" skipped="0">
  <testcase classname="testrunner.LoginPage3_TestRunner" name="runScenario" time="73.029"/>
  <system-out/>
  <testcase classname="testrunner.LoginPage3_TestRunner" name="runScenario" time="63.488"/>
  <system-out/>
</testsuite> <!-- testrunner.LoginPage3_TestRunner -->
