<?xml version="1.0" encoding="UTF-8"?>
<!-- Generated by org.testng.reporters.JUnitReportReporter -->
<testsuite hostname="INLEN8520032427" failures="0" tests="4" name="testrunner.LoginPage_TestRunner" time="66.391" errors="0" timestamp="2023-06-06T13:07:28 IST" skipped="0">
  <testcase classname="testrunner.LoginPage_TestRunner" name="runScenario" time="10.092"/>
  <system-out/>
  <testcase classname="testrunner.LoginPage_TestRunner" name="runScenario" time="37.979"/>
  <system-out/>
  <testcase classname="testrunner.LoginPage_TestRunner" name="runScenario" time="10.499"/>
  <system-out/>
  <testcase classname="testrunner.LoginPage_TestRunner" name="runScenario" time="7.821"/>
  <system-out/>
</testsuite> <!-- testrunner.LoginPage_TestRunner -->
