<?xml version="1.0" encoding="UTF-8"?>
<!-- Generated by org.testng.reporters.JUnitReportReporter -->
<testsuite hostname="INLEN8520032427" failures="0" tests="4" name="testrunner.LoginPage1_TestRunner" time="62.819" errors="0" timestamp="2023-06-08T12:04:27 IST" skipped="0">
  <testcase classname="testrunner.LoginPage1_TestRunner" name="runScenario" time="9.951"/>
  <system-out/>
  <testcase classname="testrunner.LoginPage1_TestRunner" name="runScenario" time="39.423"/>
  <system-out/>
  <testcase classname="testrunner.LoginPage1_TestRunner" name="runScenario" time="6.094"/>
  <system-out/>
  <testcase classname="testrunner.LoginPage1_TestRunner" name="runScenario" time="7.351"/>
  <system-out/>
</testsuite> <!-- testrunner.LoginPage1_TestRunner -->
