<?xml version="1.0" encoding="UTF-8"?>
<!-- Generated by org.testng.reporters.JUnitReportReporter -->
<testsuite hostname="INLEN8520032427" failures="0" tests="2" name="testrunner.LoginPage2_TestRunner" time="110.295" errors="0" timestamp="2023-06-08T12:04:27 IST" skipped="0">
  <testcase classname="testrunner.LoginPage2_TestRunner" name="runScenario" time="58.715"/>
  <system-out/>
  <testcase classname="testrunner.LoginPage2_TestRunner" name="runScenario" time="51.580"/>
  <system-out/>
</testsuite> <!-- testrunner.LoginPage2_TestRunner -->
